<?xml version="1.0" encoding="UTF-8"?>
<testng-results skipped="0" failed="0" ignored="0" total="5" passed="5">
  <reporter-output>
  </reporter-output>
  <suite name="Default suite" duration-ms="93" started-at="2018-08-28T08:58:19Z" finished-at="2018-08-28T08:58:19Z">
    <groups>
    </groups>
    <test name="Default test" duration-ms="93" started-at="2018-08-28T08:58:19Z" finished-at="2018-08-28T08:58:19Z">
      <class name="Demo">
        <test-method status="PASS" signature="c_method()[pri:1, instance:Demo@4b1c1ea0]" name="c_method" duration-ms="12" started-at="2018-08-28T08:58:19Z" finished-at="2018-08-28T08:58:19Z">
          <reporter-output>
          </reporter-output>
        </test-method> <!-- c_method -->
        <test-method status="PASS" signature="e_method()[pri:1, instance:Demo@4b1c1ea0]" name="e_method" duration-ms="1" started-at="2018-08-28T08:58:19Z" finished-at="2018-08-28T08:58:19Z">
          <reporter-output>
          </reporter-output>
        </test-method> <!-- e_method -->
        <test-method status="PASS" signature="a_method()[pri:29, instance:Demo@4b1c1ea0]" name="a_method" duration-ms="1" started-at="2018-08-28T08:58:19Z" finished-at="2018-08-28T08:58:19Z">
          <reporter-output>
          </reporter-output>
        </test-method> <!-- a_method -->
        <test-method status="PASS" signature="b_method()[pri:99, instance:Demo@4b1c1ea0]" name="b_method" duration-ms="2" started-at="2018-08-28T08:58:19Z" finished-at="2018-08-28T08:58:19Z">
          <reporter-output>
          </reporter-output>
        </test-method> <!-- b_method -->
        <test-method status="PASS" signature="d_method()[pri:99, instance:Demo@4b1c1ea0]" name="d_method" duration-ms="1" started-at="2018-08-28T08:58:19Z" finished-at="2018-08-28T08:58:19Z">
          <reporter-output>
          </reporter-output>
        </test-method> <!-- d_method -->
      </class> <!-- Demo -->
    </test> <!-- Default test -->
  </suite> <!-- Default suite -->
</testng-results>
