<?xml version="1.0" encoding="UTF-8"?>
<!-- Generated by org.testng.reporters.JUnitXMLReporter -->
<testsuite hostname="DESKTOP-T27B982" ignored="0" tests="5" failures="0" timestamp="28 Aug 2018 08:58:20 GMT" time="0.093" errors="0">
  <testcase name="c_method" time="0.012" classname="Demo"/>
  <testcase name="e_method" time="0.001" classname="Demo"/>
  <testcase name="a_method" time="0.001" classname="Demo"/>
  <testcase name="b_method" time="0.002" classname="Demo"/>
  <testcase name="d_method" time="0.001" classname="Demo"/>
</testsuite>
